#
# A fatal error has been detected by the Java Runtime Environment:
#
#  EXCEPTION_ACCESS_VIOLATION (0xc0000005) at pc=0x0000000077643c9e, pid=3508, tid=0x0000000000000c58
#
# JRE version: Java(TM) SE Runtime Environment (8.0_151-b12) (build 1.8.0_151-b12)
# Java VM: Java HotSpot(TM) 64-Bit Server VM (25.151-b12 mixed mode windows-amd64 compressed oops)
# Problematic frame:
# C  [ntdll.dll+0x53c9e]
#
# Failed to write core dump. Minidumps are not enabled by default on client versions of Windows
#
# If you would like to submit a bug report, please visit:
#   http://bugreport.java.com/bugreport/crash.jsp
#

---------------  T H R E A D  ---------------

Current thread (0x00000000560f0000):  JavaThread "http-nio-8080-AsyncTimeout" daemon [_thread_in_vm, id=3160, stack(0x0000000058560000,0x0000000058660000)]

siginfo: ExceptionCode=0xc0000005, reading address 0x00000ab57eaf27d8

Registers:
RAX=0x0000000000000000, RBX=0x00000ab57eaf27d0, RCX=0x000000ffffffffff, RDX=0x0000000000490410
RSP=0x000000005865dba0, RBP=0x0000000000000004, RSI=0x0000000000460000, RDI=0x0000000000490420
R8 =0x0000020000d40008, R9 =0x0000020100cf0009, R10=0x005f006100760061, R11=0x0000000000000000
R12=0x000000005865dcd0, R13=0x000000005865de22, R14=0x0000000000000000, R15=0x0000000000482dd0
RIP=0x0000000077643c9e, EFLAGS=0x0000000000010202

Top of Stack: (sp=0x000000005865dba0)
0x000000005865dba0:   0000000000000000 0000000000680066
0x000000005865dbb0:   0000000000494700 000000005865ddc0
0x000000005865dbc0:   0000000000482dd0 0000000000000000
0x000000005865dbd0:   000000005865de22 0000000000000001
0x000000005865dbe0:   000000005865dcd0 0000000000482dd0
0x000000005865dbf0:   0000000000000000 000000005865de22
0x000000005865dc00:   000000005865dcd0 00000000c0000138
0x000000005865dc10:   0000000000000000 0000000000000004
0x000000005865dc20:   000000005865dcc0 0000000077643f38
0x000000005865dc30:   0000000000000000 000007fefd440000
0x000000005865dc40:   0000000000000000 0000000000000031
0x000000005865dc50:   0000000077649060 000000007762ef55
0x000000005865dc60:   0000000077649060 0000000000000004
0x000000005865dc70:   0000000000000000 00000000c0000138
0x000000005865dc80:   00000000001aff50 00000000001aff50
0x000000005865dc90:   0000000000000000 0000030303030303 

Instructions: (pc=0x0000000077643c9e)
0x0000000077643c7e:   ff ff 00 00 00 48 33 de 48 23 c1 48 c1 eb 04 48
0x0000000077643c8e:   33 d8 48 33 1d 29 f7 0d 00 48 c1 e3 04 0f 0d 0b
0x0000000077643c9e:   4c 8b 63 08 49 bd 01 00 00 00 01 00 00 00 49 be
0x0000000077643cae:   ff 7f 00 00 ff ff ff ff c6 42 0f 80 c6 42 0e 00 


Register to memory mapping:

RAX=0x0000000000000000 is an unknown value
RBX=0x00000ab57eaf27d0 is an unknown value
RCX=0x000000ffffffffff is an unknown value
RDX=0x0000000000490410 is an unknown value
RSP=0x000000005865dba0 is pointing into the stack for thread: 0x00000000560f0000
RBP=0x0000000000000004 is an unknown value
RSI=0x0000000000460000 is an unknown value
RDI=0x0000000000490420 is an unknown value
R8 =0x0000020000d40008 is an unknown value
R9 =0x0000020100cf0009 is an unknown value
R10=0x005f006100760061 is an unknown value
R11=0x0000000000000000 is an unknown value
R12=0x000000005865dcd0 is pointing into the stack for thread: 0x00000000560f0000
R13=0x000000005865de22 is pointing into the stack for thread: 0x00000000560f0000
R14=0x0000000000000000 is an unknown value
R15=0x0000000000482dd0 is an unknown value


Stack: [0x0000000058560000,0x0000000058660000],  sp=0x000000005865dba0,  free space=1014k
Native frames: (J=compiled Java code, j=interpreted, Vv=VM code, C=native code)
C  [ntdll.dll+0x53c9e]
C  [ntdll.dll+0x53f38]
C  [ntdll.dll+0x3ef55]
C  [ntdll.dll+0x56d4b]
C  [ntdll.dll+0x583d1]
C  [KERNELBASE.dll+0x2a70]
V  [jvm.dll+0x1da8fa]
V  [jvm.dll+0x1dac2f]
V  [jvm.dll+0x12cd8b]
V  [jvm.dll+0x3079f8]
V  [jvm.dll+0x22e489]
V  [jvm.dll+0xa5679]
V  [jvm.dll+0x1f75bb]
V  [jvm.dll+0x238147]
V  [jvm.dll+0x1f7690]
V  [jvm.dll+0x237f64]
V  [jvm.dll+0xbaa28]
V  [jvm.dll+0xbca15]
C  0x000000000245124b

Java frames: (J=compiled Java code, j=interpreted, Vv=VM code)
j  java.lang.Thread.sleep(J)V+0
j  org.apache.coyote.AbstractProtocol$AsyncTimeout.run()V+10
j  java.lang.Thread.run()V+11
v  ~StubRoutines::call_stub

---------------  P R O C E S S  ---------------

Java Threads: ( => current thread )
  0x00000000560f0800 JavaThread "DestroyJavaVM" [_thread_blocked, id=2792, stack(0x0000000002060000,0x0000000002160000)]
=>0x00000000560f0000 JavaThread "http-nio-8080-AsyncTimeout" daemon [_thread_in_vm, id=3160, stack(0x0000000058560000,0x0000000058660000)]
  0x00000000560ef000 JavaThread "http-nio-8080-Acceptor-0" daemon [_thread_in_native, id=1848, stack(0x0000000057ff0000,0x00000000580f0000)]
  0x00000000560ee800 JavaThread "http-nio-8080-ClientPoller-0" daemon [_thread_in_native, id=4820, stack(0x0000000058430000,0x0000000058530000)]
  0x00000000560ed800 JavaThread "http-nio-8080-exec-10" daemon [_thread_blocked, id=2020, stack(0x0000000058250000,0x0000000058350000)]
  0x00000000560ed000 JavaThread "http-nio-8080-exec-9" daemon [_thread_blocked, id=4996, stack(0x0000000057b40000,0x0000000057c40000)]
  0x00000000560ec000 JavaThread "http-nio-8080-exec-8" daemon [_thread_blocked, id=3720, stack(0x0000000058120000,0x0000000058220000)]
  0x00000000560eb800 JavaThread "http-nio-8080-exec-7" daemon [_thread_blocked, id=4628, stack(0x0000000057d80000,0x0000000057e80000)]
  0x00000000560ea800 JavaThread "http-nio-8080-exec-6" daemon [_thread_blocked, id=2940, stack(0x0000000057ed0000,0x0000000057fd0000)]
  0x00000000560ea000 JavaThread "http-nio-8080-exec-5" daemon [_thread_blocked, id=1140, stack(0x0000000057c80000,0x0000000057d80000)]
  0x00000000560e9000 JavaThread "http-nio-8080-exec-4" daemon [_thread_blocked, id=1544, stack(0x0000000057a40000,0x0000000057b40000)]
  0x00000000560e8800 JavaThread "http-nio-8080-exec-3" daemon [_thread_blocked, id=4060, stack(0x0000000057910000,0x0000000057a10000)]
  0x00000000560e7800 JavaThread "http-nio-8080-exec-2" daemon [_thread_blocked, id=2752, stack(0x00000000577d0000,0x00000000578d0000)]
  0x00000000560e7000 JavaThread "http-nio-8080-exec-1" daemon [_thread_blocked, id=4564, stack(0x00000000575e0000,0x00000000576e0000)]
  0x00000000560e6000 JavaThread "NioBlockingSelector.BlockPoller-1" daemon [_thread_in_native, id=4760, stack(0x0000000054df0000,0x0000000054ef0000)]
  0x0000000055fc5800 JavaThread "container-0" [_thread_blocked, id=3712, stack(0x00000000572d0000,0x00000000573d0000)]
  0x0000000055fc5000 JavaThread "ContainerBackgroundProcessor[StandardEngine[Tomcat]]" daemon [_thread_blocked, id=3500, stack(0x0000000057170000,0x0000000057270000)]
  0x0000000054462000 JavaThread "JMX server connection timeout 21" daemon [_thread_blocked, id=4860, stack(0x00000000557e0000,0x00000000558e0000)]
  0x0000000054368800 JavaThread "RMI TCP Connection(idle)" daemon [_thread_blocked, id=3528, stack(0x0000000055460000,0x0000000055560000)]
  0x0000000054238800 JavaThread "RMI Scheduler(0)" daemon [_thread_blocked, id=3196, stack(0x0000000054f00000,0x0000000055000000)]
  0x0000000054043000 JavaThread "RMI TCP Accept-0" daemon [_thread_in_native, id=4240, stack(0x0000000054950000,0x0000000054a50000)]
  0x0000000053bfd000 JavaThread "RMI TCP Accept-50631" daemon [_thread_in_native, id=2160, stack(0x0000000053ef0000,0x0000000053ff0000)]
  0x0000000053beb800 JavaThread "RMI TCP Accept-0" daemon [_thread_in_native, id=4420, stack(0x0000000053d20000,0x0000000053e20000)]
  0x000000005250a800 JavaThread "Service Thread" daemon [_thread_blocked, id=3276, stack(0x0000000053700000,0x0000000053800000)]
  0x0000000052507000 JavaThread "C1 CompilerThread1" daemon [_thread_blocked, id=4204, stack(0x0000000053510000,0x0000000053610000)]
  0x00000000524ac800 JavaThread "C2 CompilerThread0" daemon [_thread_blocked, id=1392, stack(0x0000000053380000,0x0000000053480000)]
  0x00000000524a0800 JavaThread "JDWP Command Reader" daemon [_thread_in_native, id=4268, stack(0x0000000053010000,0x0000000053110000)]
  0x000000005249d000 JavaThread "JDWP Event Helper Thread" daemon [_thread_blocked, id=3724, stack(0x0000000053270000,0x0000000053370000)]
  0x0000000052490800 JavaThread "JDWP Transport Listener: dt_socket" daemon [_thread_blocked, id=552, stack(0x0000000052d80000,0x0000000052e80000)]
  0x000000005248b000 JavaThread "Attach Listener" daemon [_thread_blocked, id=4536, stack(0x0000000052bc0000,0x0000000052cc0000)]
  0x0000000052488000 JavaThread "Signal Dispatcher" daemon [_thread_blocked, id=3748, stack(0x0000000052980000,0x0000000052a80000)]
  0x0000000001f7e000 JavaThread "Finalizer" daemon [_thread_blocked, id=4292, stack(0x00000000525d0000,0x00000000526d0000)]
  0x0000000001f7c000 JavaThread "Reference Handler" daemon [_thread_blocked, id=4304, stack(0x0000000052820000,0x0000000052920000)]

Other Threads:
  0x0000000001f73800 VMThread [stack: 0x0000000052720000,0x0000000052820000] [id=4484]
  0x0000000054049800 WatcherThread [stack: 0x0000000054840000,0x0000000054940000] [id=3324]

VM state:not at safepoint (normal execution)

VM Mutex/Monitor currently owned by a thread:  ([mutex/lock_event])
[0x0000000001e8ee60] AdapterHandlerLibrary_lock - owner thread: 0x00000000560f0000

Heap:
 def new generation   total 19712K, used 16047K [0x00000000c0000000, 0x00000000c1560000, 0x00000000d5550000)
  eden space 17536K,  83% used [0x00000000c0000000, 0x00000000c0e389a8, 0x00000000c1120000)
  from space 2176K,  68% used [0x00000000c1120000, 0x00000000c1293348, 0x00000000c1340000)
  to   space 2176K,   0% used [0x00000000c1340000, 0x00000000c1340000, 0x00000000c1560000)
 tenured generation   total 43712K, used 19941K [0x00000000d5550000, 0x00000000d8000000, 0x0000000100000000)
   the space 43712K,  45% used [0x00000000d5550000, 0x00000000d68c9730, 0x00000000d68c9800, 0x00000000d8000000)
 Metaspace       used 28959K, capacity 29378K, committed 29696K, reserved 1075200K
  class space    used 3716K, capacity 3815K, committed 3840K, reserved 1048576K

Card table byte_map: [0x00000000117f0000,0x0000000011a00000] byte_map_base: 0x00000000111f0000

Polling page: 0x0000000000100000

CodeCache: size=245760Kb used=6990Kb max_used=6990Kb free=238769Kb
 bounds [0x0000000002430000, 0x0000000002b10000, 0x0000000011430000]
 total_blobs=3582 nmethods=3111 adapters=392
 compilation: enabled

Compilation events (10 events):
Event: 130.338 Thread 0x0000000052507000 3109   !   1       org.apache.tomcat.util.net.NioEndpoint$Poller::events (81 bytes)
Event: 130.341 Thread 0x0000000052507000 nmethod 3109 0x0000000002b02510 code [0x0000000002b026c0, 0x0000000002b029d0]
Event: 131.367 Thread 0x0000000052507000 3110       1       org.apache.coyote.AbstractProtocol::access$100 (5 bytes)
Event: 131.367 Thread 0x0000000052507000 nmethod 3110 0x0000000002b02d10 code [0x0000000002b02e60, 0x0000000002b02f50]
Event: 131.367 Thread 0x0000000052507000 3111       1       org.apache.coyote.AbstractProtocol::access$200 (5 bytes)
Event: 131.367 Thread 0x0000000052507000 nmethod 3111 0x0000000002b02fd0 code [0x0000000002b03120, 0x0000000002b03210]
Event: 134.351 Thread 0x0000000052507000 3112       1       java.util.concurrent.ConcurrentHashMap$KeySetView::iterator (34 bytes)
Event: 134.351 Thread 0x0000000052507000 nmethod 3112 0x0000000002b03290 code [0x0000000002b03400, 0x0000000002b03630]
Event: 134.351 Thread 0x0000000052507000 3113       1       java.util.concurrent.ConcurrentHashMap$KeyIterator::<init> (12 bytes)
Event: 134.351 Thread 0x0000000052507000 nmethod 3113 0x0000000002b037d0 code [0x0000000002b03940, 0x0000000002b03af0]

GC Heap History (10 events):
Event: 3.044 GC heap before
{Heap before GC invocations=11 (full 1):
 def new generation   total 19712K, used 18683K [0x00000000c0000000, 0x00000000c1560000, 0x00000000d5550000)
  eden space 17536K, 100% used [0x00000000c0000000, 0x00000000c1120000, 0x00000000c1120000)
  from space 2176K,  52% used [0x00000000c1340000, 0x00000000c145eeb8, 0x00000000c1560000)
  to   space 2176K,   0% used [0x00000000c1120000, 0x00000000c1120000, 0x00000000c1340000)
 tenured generation   total 43712K, used 16270K [0x00000000d5550000, 0x00000000d8000000, 0x0000000100000000)
   the space 43712K,  37% used [0x00000000d5550000, 0x00000000d65339b0, 0x00000000d6533a00, 0x00000000d8000000)
 Metaspace       used 25010K, capacity 25406K, committed 25728K, reserved 1071104K
  class space    used 3230K, capacity 3354K, committed 3456K, reserved 1048576K
Event: 3.055 GC heap after
Heap after GC invocations=12 (full 1):
 def new generation   total 19712K, used 1769K [0x00000000c0000000, 0x00000000c1560000, 0x00000000d5550000)
  eden space 17536K,   0% used [0x00000000c0000000, 0x00000000c0000000, 0x00000000c1120000)
  from space 2176K,  81% used [0x00000000c1120000, 0x00000000c12da558, 0x00000000c1340000)
  to   space 2176K,   0% used [0x00000000c1340000, 0x00000000c1340000, 0x00000000c1560000)
 tenured generation   total 43712K, used 17054K [0x00000000d5550000, 0x00000000d8000000, 0x0000000100000000)
   the space 43712K,  39% used [0x00000000d5550000, 0x00000000d65f7af8, 0x00000000d65f7c00, 0x00000000d8000000)
 Metaspace       used 25010K, capacity 25406K, committed 25728K, reserved 1071104K
  class space    used 3230K, capacity 3354K, committed 3456K, reserved 1048576K
}
Event: 3.162 GC heap before
{Heap before GC invocations=12 (full 1):
 def new generation   total 19712K, used 19305K [0x00000000c0000000, 0x00000000c1560000, 0x00000000d5550000)
  eden space 17536K, 100% used [0x00000000c0000000, 0x00000000c1120000, 0x00000000c1120000)
  from space 2176K,  81% used [0x00000000c1120000, 0x00000000c12da558, 0x00000000c1340000)
  to   space 2176K,   0% used [0x00000000c1340000, 0x00000000c1340000, 0x00000000c1560000)
 tenured generation   total 43712K, used 17054K [0x00000000d5550000, 0x00000000d8000000, 0x0000000100000000)
   the space 43712K,  39% used [0x00000000d5550000, 0x00000000d65f7af8, 0x00000000d65f7c00, 0x00000000d8000000)
 Metaspace       used 25355K, capacity 25764K, committed 25984K, reserved 1071104K
  class space    used 3284K, capacity 3387K, committed 3456K, reserved 1048576K
Event: 3.168 GC heap after
Heap after GC invocations=13 (full 1):
 def new generation   total 19712K, used 1104K [0x00000000c0000000, 0x00000000c1560000, 0x00000000d5550000)
  eden space 17536K,   0% used [0x00000000c0000000, 0x00000000c0000000, 0x00000000c1120000)
  from space 2176K,  50% used [0x00000000c1340000, 0x00000000c1454168, 0x00000000c1560000)
  to   space 2176K,   0% used [0x00000000c1120000, 0x00000000c1120000, 0x00000000c1340000)
 tenured generation   total 43712K, used 18300K [0x00000000d5550000, 0x00000000d8000000, 0x0000000100000000)
   the space 43712K,  41% used [0x00000000d5550000, 0x00000000d672f0f0, 0x00000000d672f200, 0x00000000d8000000)
 Metaspace       used 25355K, capacity 25764K, committed 25984K, reserved 1071104K
  class space    used 3284K, capacity 3387K, committed 3456K, reserved 1048576K
}
Event: 3.363 GC heap before
{Heap before GC invocations=13 (full 1):
 def new generation   total 19712K, used 18640K [0x00000000c0000000, 0x00000000c1560000, 0x00000000d5550000)
  eden space 17536K, 100% used [0x00000000c0000000, 0x00000000c1120000, 0x00000000c1120000)
  from space 2176K,  50% used [0x00000000c1340000, 0x00000000c1454168, 0x00000000c1560000)
  to   space 2176K,   0% used [0x00000000c1120000, 0x00000000c1120000, 0x00000000c1340000)
 tenured generation   total 43712K, used 18300K [0x00000000d5550000, 0x00000000d8000000, 0x0000000100000000)
   the space 43712K,  41% used [0x00000000d5550000, 0x00000000d672f0f0, 0x00000000d672f200, 0x00000000d8000000)
 Metaspace       used 25951K, capacity 26378K, committed 26624K, reserved 1073152K
  class space    used 3361K, capacity 3484K, committed 3584K, reserved 1048576K
Event: 3.367 GC heap after
Heap after GC invocations=14 (full 1):
 def new generation   total 19712K, used 1420K [0x00000000c0000000, 0x00000000c1560000, 0x00000000d5550000)
  eden space 17536K,   0% used [0x00000000c0000000, 0x00000000c0000000, 0x00000000c1120000)
  from space 2176K,  65% used [0x00000000c1120000, 0x00000000c1283110, 0x00000000c1340000)
  to   space 2176K,   0% used [0x00000000c1340000, 0x00000000c1340000, 0x00000000c1560000)
 tenured generation   total 43712K, used 19080K [0x00000000d5550000, 0x00000000d8000000, 0x0000000100000000)
   the space 43712K,  43% used [0x00000000d5550000, 0x00000000d67f2178, 0x00000000d67f2200, 0x00000000d8000000)
 Metaspace       used 25951K, capacity 26378K, committed 26624K, reserved 1073152K
  class space    used 3361K, capacity 3484K, committed 3584K, reserved 1048576K
}
Event: 3.621 GC heap before
{Heap before GC invocations=14 (full 1):
 def new generation   total 19712K, used 18956K [0x00000000c0000000, 0x00000000c1560000, 0x00000000d5550000)
  eden space 17536K, 100% used [0x00000000c0000000, 0x00000000c1120000, 0x00000000c1120000)
  from space 2176K,  65% used [0x00000000c1120000, 0x00000000c1283110, 0x00000000c1340000)
  to   space 2176K,   0% used [0x00000000c1340000, 0x00000000c1340000, 0x00000000c1560000)
 tenured generation   total 43712K, used 19080K [0x00000000d5550000, 0x00000000d8000000, 0x0000000100000000)
   the space 43712K,  43% used [0x00000000d5550000, 0x00000000d67f2178, 0x00000000d67f2200, 0x00000000d8000000)
 Metaspace       used 26219K, capacity 26608K, committed 26880K, reserved 1073152K
  class space    used 3396K, capacity 3517K, committed 3584K, reserved 1048576K
Event: 3.626 GC heap after
Heap after GC invocations=15 (full 1):
 def new generation   total 19712K, used 1087K [0x00000000c0000000, 0x00000000c1560000, 0x00000000d5550000)
  eden space 17536K,   0% used [0x00000000c0000000, 0x00000000c0000000, 0x00000000c1120000)
  from space 2176K,  49% used [0x00000000c1340000, 0x00000000c144fc08, 0x00000000c1560000)
  to   space 2176K,   0% used [0x00000000c1120000, 0x00000000c1120000, 0x00000000c1340000)
 tenured generation   total 43712K, used 19941K [0x00000000d5550000, 0x00000000d8000000, 0x0000000100000000)
   the space 43712K,  45% used [0x00000000d5550000, 0x00000000d68c9730, 0x00000000d68c9800, 0x00000000d8000000)
 Metaspace       used 26219K, capacity 26608K, committed 26880K, reserved 1073152K
  class space    used 3396K, capacity 3517K, committed 3584K, reserved 1048576K
}
Event: 3.953 GC heap before
{Heap before GC invocations=15 (full 1):
 def new generation   total 19712K, used 18623K [0x00000000c0000000, 0x00000000c1560000, 0x00000000d5550000)
  eden space 17536K, 100% used [0x00000000c0000000, 0x00000000c1120000, 0x00000000c1120000)
  from space 2176K,  49% used [0x00000000c1340000, 0x00000000c144fc08, 0x00000000c1560000)
  to   space 2176K,   0% used [0x00000000c1120000, 0x00000000c1120000, 0x00000000c1340000)
 tenured generation   total 43712K, used 19941K [0x00000000d5550000, 0x00000000d8000000, 0x0000000100000000)
   the space 43712K,  45% used [0x00000000d5550000, 0x00000000d68c9730, 0x00000000d68c9800, 0x00000000d8000000)
 Metaspace       used 26910K, capacity 27326K, committed 27776K, reserved 1073152K
  class space    used 3495K, capacity 3585K, committed 3712K, reserved 1048576K
Event: 3.959 GC heap after
Heap after GC invocations=16 (full 1):
 def new generation   total 19712K, used 1484K [0x00000000c0000000, 0x00000000c1560000, 0x00000000d5550000)
  eden space 17536K,   0% used [0x00000000c0000000, 0x00000000c0000000, 0x00000000c1120000)
  from space 2176K,  68% used [0x00000000c1120000, 0x00000000c1293348, 0x00000000c1340000)
  to   space 2176K,   0% used [0x00000000c1340000, 0x00000000c1340000, 0x00000000c1560000)
 tenured generation   total 43712K, used 19941K [0x00000000d5550000, 0x00000000d8000000, 0x0000000100000000)
   the space 43712K,  45% used [0x00000000d5550000, 0x00000000d68c9730, 0x00000000d68c9800, 0x00000000d8000000)
 Metaspace       used 26910K, capacity 27326K, committed 27776K, reserved 1073152K
  class space    used 3495K, capacity 3585K, committed 3712K, reserved 1048576K
}

Deoptimization events (0 events):
No events

Internal exceptions (10 events):
Event: 71.576 Thread 0x00000000560e7000 Exception <a 'java/lang/ArrayIndexOutOfBoundsException'> (0x00000000c0a67f88) thrown at [C:\re\workspace\8-2-build-windows-amd64-cygwin\jdk8u151\9699\hotspot\src\share\vm\runtime\sharedRuntime.cpp, line 605]
Event: 71.576 Thread 0x00000000560e7000 Exception <a 'java/lang/ArrayIndexOutOfBoundsException'> (0x00000000c0a69868) thrown at [C:\re\workspace\8-2-build-windows-amd64-cygwin\jdk8u151\9699\hotspot\src\share\vm\runtime\sharedRuntime.cpp, line 605]
Event: 71.584 Thread 0x00000000560e7000 Exception <a 'java/lang/ArrayIndexOutOfBoundsException'> (0x00000000c0b0daa0) thrown at [C:\re\workspace\8-2-build-windows-amd64-cygwin\jdk8u151\9699\hotspot\src\share\vm\runtime\sharedRuntime.cpp, line 605]
Event: 71.590 Thread 0x00000000560e7000 Exception <a 'java/lang/ArrayIndexOutOfBoundsException'> (0x00000000c0b73cf8) thrown at [C:\re\workspace\8-2-build-windows-amd64-cygwin\jdk8u151\9699\hotspot\src\share\vm\runtime\sharedRuntime.cpp, line 605]
Event: 71.591 Thread 0x00000000560e7000 Exception <a 'java/lang/ArrayIndexOutOfBoundsException'> (0x00000000c0b74f98) thrown at [C:\re\workspace\8-2-build-windows-amd64-cygwin\jdk8u151\9699\hotspot\src\share\vm\runtime\sharedRuntime.cpp, line 605]
Event: 71.592 Thread 0x00000000560e7000 Exception <a 'java/lang/ArrayIndexOutOfBoundsException'> (0x00000000c0b77580) thrown at [C:\re\workspace\8-2-build-windows-amd64-cygwin\jdk8u151\9699\hotspot\src\share\vm\runtime\sharedRuntime.cpp, line 605]
Event: 71.593 Thread 0x00000000560e7000 Exception <a 'java/lang/ArrayIndexOutOfBoundsException'> (0x00000000c0b86bb8) thrown at [C:\re\workspace\8-2-build-windows-amd64-cygwin\jdk8u151\9699\hotspot\src\share\vm\runtime\sharedRuntime.cpp, line 605]
Event: 71.597 Thread 0x00000000560e7000 Exception <a 'java/lang/ArrayIndexOutOfBoundsException'> (0x00000000c0beb340) thrown at [C:\re\workspace\8-2-build-windows-amd64-cygwin\jdk8u151\9699\hotspot\src\share\vm\runtime\sharedRuntime.cpp, line 605]
Event: 71.598 Thread 0x00000000560e7000 Exception <a 'java/lang/ArrayIndexOutOfBoundsException'> (0x00000000c0bef2e0) thrown at [C:\re\workspace\8-2-build-windows-amd64-cygwin\jdk8u151\9699\hotspot\src\share\vm\runtime\sharedRuntime.cpp, line 605]
Event: 90.653 Thread 0x00000000560e7000 Exception <a 'org/gnu/glpk/GlpkException': function glp_set_mat_row failed> (0x00000000c0d20f90) thrown at [C:\re\workspace\8-2-build-windows-amd64-cygwin\jdk8u151\9699\hotspot\src\share\vm\prims\jni.cpp, line 735]

Events (10 events):
Event: 92.379 Executing VM operation: RevokeBias
Event: 92.379 Executing VM operation: RevokeBias done
Event: 180.709 loading class org/apache/catalina/Session
Event: 180.709 loading class org/apache/catalina/Session done
Event: 180.709 Thread 0x0000000055fc5000 DEOPT PACKING pc=0x00000000026371f4 sp=0x000000005726de10
Event: 180.709 Thread 0x0000000055fc5000 DEOPT UNPACKING pc=0x000000000247747f sp=0x000000005726db60 mode 1
Event: 180.709 Thread 0x0000000055fc5000 DEOPT PACKING pc=0x00000000029d7ecd sp=0x000000005726de90
Event: 180.709 Thread 0x0000000055fc5000 DEOPT UNPACKING pc=0x000000000247747f sp=0x000000005726dca0 mode 1
Event: 180.709 Thread 0x0000000055fc5000 DEOPT PACKING pc=0x00000000029d7e1f sp=0x000000005726e010
Event: 180.709 Thread 0x0000000055fc5000 DEOPT UNPACKING pc=0x000000000247747f sp=0x000000005726de20 mode 1


Dynamic libraries:
0x000000013fdc0000 - 0x000000013fdf7000 	C:\Program Files\Java\jdk1.8.0_151\bin\javaw.exe
0x00000000775f0000 - 0x000000007779b000 	C:\Windows\SYSTEM32\ntdll.dll
0x00000000773d0000 - 0x00000000774ef000 	C:\Windows\system32\kernel32.dll
0x000007fefd770000 - 0x000007fefd7db000 	C:\Windows\system32\KERNELBASE.dll
0x000007fefe0a0000 - 0x000007fefe17b000 	C:\Windows\system32\ADVAPI32.dll
0x000007feff450000 - 0x000007feff4ef000 	C:\Windows\system32\msvcrt.dll
0x000007feff710000 - 0x000007feff72f000 	C:\Windows\SYSTEM32\sechost.dll
0x000007feff5e0000 - 0x000007feff70e000 	C:\Windows\system32\RPCRT4.dll
0x00000000774f0000 - 0x00000000775ea000 	C:\Windows\system32\USER32.dll
0x000007fefdd00000 - 0x000007fefdd67000 	C:\Windows\system32\GDI32.dll
0x000007fefe200000 - 0x000007fefe20e000 	C:\Windows\system32\LPK.dll
0x000007feff750000 - 0x000007feff81a000 	C:\Windows\system32\USP10.dll
0x000007fefbe60000 - 0x000007fefc054000 	C:\Windows\WinSxS\amd64_microsoft.windows.common-controls_6595b64144ccf1df_6.0.7600.16385_none_fa645303170382f6\COMCTL32.dll
0x000007fefe180000 - 0x000007fefe1f1000 	C:\Windows\system32\SHLWAPI.dll
0x000007feff410000 - 0x000007feff43e000 	C:\Windows\system32\IMM32.DLL
0x000007fefe210000 - 0x000007fefe319000 	C:\Windows\system32\MSCTF.dll
0x00000000734f0000 - 0x00000000735c2000 	C:\Program Files\Java\jdk1.8.0_151\jre\bin\msvcr100.dll
0x0000000071e20000 - 0x00000000726bd000 	C:\Program Files\Java\jdk1.8.0_151\jre\bin\server\jvm.dll
0x000007fef46a0000 - 0x000007fef46a9000 	C:\Windows\system32\WSOCK32.dll
0x000007fefd920000 - 0x000007fefd96d000 	C:\Windows\system32\WS2_32.dll
0x000007feff440000 - 0x000007feff448000 	C:\Windows\system32\NSI.dll
0x000007fef9080000 - 0x000007fef90bb000 	C:\Windows\system32\WINMM.dll
0x000007fefc830000 - 0x000007fefc83c000 	C:\Windows\system32\VERSION.dll
0x00000000777c0000 - 0x00000000777c7000 	C:\Windows\system32\PSAPI.DLL
0x0000000074090000 - 0x000000007409f000 	C:\Program Files\Java\jdk1.8.0_151\jre\bin\verify.dll
0x00000000734c0000 - 0x00000000734e9000 	C:\Program Files\Java\jdk1.8.0_151\jre\bin\java.dll
0x0000000073480000 - 0x00000000734b5000 	C:\Program Files\Java\jdk1.8.0_151\jre\bin\jdwp.dll
0x0000000074030000 - 0x0000000074038000 	C:\Program Files\Java\jdk1.8.0_151\jre\bin\npt.dll
0x0000000073460000 - 0x0000000073476000 	C:\Program Files\Java\jdk1.8.0_151\jre\bin\zip.dll
0x000007fefe680000 - 0x000007feff406000 	C:\Windows\system32\SHELL32.dll
0x000007fefde90000 - 0x000007fefe091000 	C:\Windows\system32\ole32.dll
0x000007fefd550000 - 0x000007fefd55f000 	C:\Windows\system32\profapi.dll
0x00000000736e0000 - 0x00000000736e9000 	C:\Program Files\Java\jdk1.8.0_151\jre\bin\dt_socket.dll
0x000007fefb920000 - 0x000007fefb935000 	C:\Windows\system32\NLAapi.dll
0x000007fefcd80000 - 0x000007fefcdd4000 	C:\Windows\System32\mswsock.dll
0x000007fefcc00000 - 0x000007fefcc5b000 	C:\Windows\system32\DNSAPI.dll
0x000007fef9070000 - 0x000007fef907b000 	C:\Windows\System32\winrnr.dll
0x000007fef9050000 - 0x000007fef9065000 	C:\Windows\system32\napinsp.dll
0x000007fef9030000 - 0x000007fef9049000 	C:\Windows\system32\pnrpnsp.dll
0x000007fefc800000 - 0x000007fefc827000 	C:\Windows\system32\IPHLPAPI.DLL
0x000007fefc7f0000 - 0x000007fefc7fb000 	C:\Windows\system32\WINNSI.DLL
0x000007fefae50000 - 0x000007fefaea3000 	C:\Windows\System32\fwpuclnt.dll
0x000007fef9560000 - 0x000007fef9568000 	C:\Windows\system32\rasadhlp.dll
0x000007fefc6f0000 - 0x000007fefc6f7000 	C:\Windows\System32\wshtcpip.dll
0x00000000736c0000 - 0x00000000736cd000 	C:\Program Files\Java\jdk1.8.0_151\jre\bin\management.dll
0x0000000073440000 - 0x000000007345a000 	C:\Program Files\Java\jdk1.8.0_151\jre\bin\net.dll
0x000007fefcd70000 - 0x000007fefcd77000 	C:\Windows\System32\wship6.dll
0x0000000073420000 - 0x0000000073431000 	C:\Program Files\Java\jdk1.8.0_151\jre\bin\nio.dll
0x000007fefcde0000 - 0x000007fefcdf7000 	C:\Windows\system32\CRYPTSP.dll
0x000007fefcae0000 - 0x000007fefcb27000 	C:\Windows\system32\rsaenh.dll
0x000007fefc890000 - 0x000007fefc8ae000 	C:\Windows\system32\USERENV.dll
0x000007fefd440000 - 0x000007fefd44f000 	C:\Windows\system32\CRYPTBASE.dll
0x000007fefae20000 - 0x000007fefae31000 	C:\Windows\system32\dhcpcsvc6.DLL
0x000007fefc0a0000 - 0x000007fefc0b8000 	C:\Windows\system32\dhcpcsvc.DLL
0x000007fee8b60000 - 0x000007fee8c18000 	C:\Program Files\GLPK\w64\glpk_4_63_java.dll
0x000007fee8990000 - 0x000007fee8b5a000 	C:\Program Files\GLPK\w64\glpk_4_63.dll
0x000007fefbe30000 - 0x000007fefbe33000 	C:\Program Files\Java\jdk1.8.0_151\jre\bin\api-ms-win-core-synch-l1-2-0.DLL
0x000007fef8ef0000 - 0x000007fef9015000 	C:\Windows\system32\dbghelp.dll

VM Arguments:
jvm_args: -agentlib:jdwp=transport=dt_socket,suspend=y,address=localhost:50632 -Dcom.sun.management.jmxremote -Dcom.sun.management.jmxremote.port=50631 -Dcom.sun.management.jmxremote.authenticate=false -Dcom.sun.management.jmxremote.ssl=false -Djava.rmi.server.hostname=localhost -Dspring.liveBeansView.mbeanDomain -Dspring.application.admin.enabled=true -Xverify:none -XX:TieredStopAtLevel=1 -Dfile.encoding=UTF-8 
java_command: com.otimizacao.OtimizacaoApplication --spring.output.ansi.enabled=always
java_class_path (initial): C:\Program Files\Java\jdk1.8.0_151\jre\lib\resources.jar;C:\Program Files\Java\jdk1.8.0_151\jre\lib\rt.jar;C:\Program Files\Java\jdk1.8.0_151\jre\lib\jsse.jar;C:\Program Files\Java\jdk1.8.0_151\jre\lib\jce.jar;C:\Program Files\Java\jdk1.8.0_151\jre\lib\charsets.jar;C:\Program Files\Java\jdk1.8.0_151\jre\lib\jfr.jar;C:\Program Files\Java\jdk1.8.0_151\jre\lib\ext\access-bridge-64.jar;C:\Program Files\Java\jdk1.8.0_151\jre\lib\ext\cldrdata.jar;C:\Program Files\Java\jdk1.8.0_151\jre\lib\ext\dnsns.jar;C:\Program Files\Java\jdk1.8.0_151\jre\lib\ext\jaccess.jar;C:\Program Files\Java\jdk1.8.0_151\jre\lib\ext\jfxrt.jar;C:\Program Files\Java\jdk1.8.0_151\jre\lib\ext\localedata.jar;C:\Program Files\Java\jdk1.8.0_151\jre\lib\ext\nashorn.jar;C:\Program Files\Java\jdk1.8.0_151\jre\lib\ext\sunec.jar;C:\Program Files\Java\jdk1.8.0_151\jre\lib\ext\sunjce_provider.jar;C:\Program Files\Java\jdk1.8.0_151\jre\lib\ext\sunmscapi.jar;C:\Program Files\Java\jdk1.8.0_151\jre\lib\ext\sunpkcs11.jar;C:\Program Files\Java\jdk1.8.0_151\jre\lib\ext\zipfs.jar;C:\Users\daiane\Documents\simplex_otimizacao\otimizacao\target\classes;C:\Users\daiane\.m2\repository\org\springframework\boot\spring-boot-starter\1.5.8.RELEASE\spring-boot-starter-1.5.8.RELEASE.jar;C:\Users\daiane\.m2\repository\org\springframework\boot\spring-boot\1.5.8.RELEASE\spring-boot-1.5.8.RELEASE.jar;C:\Users\daiane\.m2\repository\org\springframework\spring-context\4.3.12.RELEASE\spring-context-4.3.12.RELEASE.jar;C:\Users\daiane\.m2\repository\org\springframework\boot\spring-boot-autoconfigure\1.5.8.RELEASE\spring-boot-autoconfigure-1.5.8.RELEASE.jar;C:\Users\daiane\.m2\repository\org\springframework\boot\spring-boot-starter-logging\1.5.8.RELEASE\spring-boot-starter-logging-1.5.8.RELEASE.jar;C:\Users\daiane\.m2\repository\ch\qos\logback\logback-classic\1.1.11\logback-classic-1.1.11.jar;C:\Users\daiane\.m2\repository\ch\qos\logback\logback-core\1.1.11\logback-core-1.1.11.jar;C:\Users\daiane\.m2\repository\or
Launcher Type: SUN_STANDARD

Environment Variables:
JAVA_HOME=C:\Program Files\Java\jdk1.8.0_151
PATH=C:\Program Files\Java\jdk1.8.0_151\jre\bin;C:/Program Files/Java/jre1.8.0_151/bin/server;C:/Program Files/Java/jre1.8.0_151/bin;C:/Program Files/Java/jre1.8.0_151/lib/amd64;C:\ProgramData\Oracle\Java\javapath;C:\Windows\system32;C:\Windows;C:\Windows\System32\Wbem;C:\Windows\System32\WindowsPowerShell\v1.0\;C:\Program Files\Java\jdk1.8.0_151\bin;C:\Program Files\GLPK\w64;C:\spring-tool-suite-3.9.1.RELEASE\sts-bundle\sts-3.9.1.RELEASE;
USERNAME=daiane
OS=Windows_NT
PROCESSOR_IDENTIFIER=Intel64 Family 6 Model 142 Stepping 9, GenuineIntel



---------------  S Y S T E M  ---------------

OS: Windows 7 , 64 bit Build 7600 (6.1.7600.16385)

CPU:total 1 (initial active 1) (1 cores per cpu, 1 threads per core) family 6 model 142 stepping 9, cmov, cx8, fxsr, mmx, sse, sse2, sse3, ssse3, sse4.1, sse4.2, popcnt, aes, clmul, 3dnowpref, lzcnt, tsc, tscinvbit

Memory: 4k page, physical 4193848k(905336k free), swap 8385800k(4148100k free)

vm_info: Java HotSpot(TM) 64-Bit Server VM (25.151-b12) for windows-amd64 JRE (1.8.0_151-b12), built on Sep  5 2017 19:33:46 by "java_re" with MS VC++ 10.0 (VS2010)

time: Sun Nov 19 16:07:19 2017
elapsed time: 226 seconds (0d 0h 3m 46s)

